{"/Users/macbookair2017/Documents/mainstack-backend-test/src/config/index.ts": {"path":"/Users/macbookair2017/Documents/mainstack-backend-test/src/config/index.ts","statementMap":{"0":{"start":{"line":1,"column":0},"end":{"line":1,"column":32}},"1":{"start":{"line":2,"column":0},"end":{"line":2,"column":66}},"2":{"start":{"line":4,"column":13},"end":{"line":4,"column":62}},"3":{"start":{"line":6,"column":13},"end":{"line":6,"column":55}},"4":{"start":{"line":7,"column":13},"end":{"line":7,"column":61}},"5":{"start":{"line":8,"column":13},"end":{"line":8,"column":63}},"6":{"start":{"line":9,"column":13},"end":{"line":9,"column":59}},"7":{"start":{"line":10,"column":13},"end":{"line":10,"column":51}},"8":{"start":{"line":11,"column":13},"end":{"line":11,"column":53}},"9":{"start":{"line":12,"column":13},"end":{"line":12,"column":59}},"10":{"start":{"line":13,"column":13},"end":{"line":13,"column":null}},"11":{"start":{"line":14,"column":13},"end":{"line":14,"column":null}},"12":{"start":{"line":15,"column":13},"end":{"line":15,"column":null}},"13":{"start":{"line":16,"column":13},"end":{"line":16,"column":null}}},"fnMap":{},"branchMap":{"0":{"loc":{"start":{"line":2,"column":23},"end":{"line":2,"column":60}},"type":"binary-expr","locations":[{"start":{"line":2,"column":23},"end":{"line":2,"column":43}},{"start":{"line":2,"column":47},"end":{"line":2,"column":60}}]}},"s":{"0":1,"1":1,"2":1,"3":1,"4":1,"5":1,"6":1,"7":1,"8":1,"9":1,"10":1,"11":1,"12":1,"13":1},"f":{},"b":{"0":[1,0]}}
,"/Users/macbookair2017/Documents/mainstack-backend-test/src/controllers/auth.controller.ts": {"path":"/Users/macbookair2017/Documents/mainstack-backend-test/src/controllers/auth.controller.ts","statementMap":{"0":{"start":{"line":2,"column":0},"end":{"line":2,"column":51}},"1":{"start":{"line":4,"column":0},"end":{"line":4,"column":60}},"2":{"start":{"line":5,"column":0},"end":{"line":5,"column":45}},"3":{"start":{"line":6,"column":0},"end":{"line":6,"column":42}},"4":{"start":{"line":7,"column":0},"end":{"line":7,"column":59}},"5":{"start":{"line":11,"column":11},"end":{"line":11,"column":43}},"6":{"start":{"line":12,"column":11},"end":{"line":12,"column":51}},"7":{"start":{"line":17,"column":11},"end":{"line":47,"column":null}},"8":{"start":{"line":18,"column":8},"end":{"line":46,"column":null}},"9":{"start":{"line":19,"column":131},"end":{"line":19,"column":139}},"10":{"start":{"line":20,"column":37},"end":{"line":20,"column":75}},"11":{"start":{"line":22,"column":12},"end":{"line":43,"column":null}},"12":{"start":{"line":23,"column":39},"end":{"line":23,"column":88}},"13":{"start":{"line":25,"column":42},"end":{"line":34,"column":null}},"14":{"start":{"line":36,"column":41},"end":{"line":36,"column":76}},"15":{"start":{"line":37,"column":14},"end":{"line":37,"column":101}},"16":{"start":{"line":37,"column":46},"end":{"line":37,"column":101}},"17":{"start":{"line":38,"column":27},"end":{"line":38,"column":52}},"18":{"start":{"line":40,"column":14},"end":{"line":40,"column":97}},"19":{"start":{"line":42,"column":16},"end":{"line":42,"column":71}},"20":{"start":{"line":45,"column":12},"end":{"line":45,"column":24}},"21":{"start":{"line":49,"column":11},"end":{"line":70,"column":null}},"22":{"start":{"line":50,"column":8},"end":{"line":69,"column":null}},"23":{"start":{"line":51,"column":53},"end":{"line":51,"column":61}},"24":{"start":{"line":52,"column":37},"end":{"line":52,"column":75}},"25":{"start":{"line":54,"column":12},"end":{"line":66,"column":null}},"26":{"start":{"line":56,"column":34},"end":{"line":56,"column":57}},"27":{"start":{"line":57,"column":34},"end":{"line":57,"column":96}},"28":{"start":{"line":59,"column":12},"end":{"line":59,"column":null}},"29":{"start":{"line":59,"column":34},"end":{"line":59,"column":85}},"30":{"start":{"line":61,"column":63},"end":{"line":61,"column":139}},"31":{"start":{"line":63,"column":12},"end":{"line":63,"column":122}},"32":{"start":{"line":65,"column":16},"end":{"line":65,"column":68}},"33":{"start":{"line":68,"column":12},"end":{"line":68,"column":24}},"34":{"start":{"line":73,"column":0},"end":{"line":73,"column":30}}},"fnMap":{"0":{"name":"(anonymous_0)","decl":{"start":{"line":10,"column":0},"end":{"line":10,"column":6}},"loc":{"start":{"line":10,"column":0},"end":{"line":71,"column":1}}},"1":{"name":"(anonymous_1)","decl":{"start":{"line":17,"column":27},"end":{"line":17,"column":32}},"loc":{"start":{"line":17,"column":100},"end":{"line":47,"column":5}}},"2":{"name":"(anonymous_2)","decl":{"start":{"line":49,"column":27},"end":{"line":49,"column":32}},"loc":{"start":{"line":49,"column":100},"end":{"line":70,"column":5}}}},"branchMap":{"0":{"loc":{"start":{"line":22,"column":12},"end":{"line":43,"column":null}},"type":"if","locations":[{"start":{"line":22,"column":12},"end":{"line":43,"column":null}},{"start":{"line":41,"column":19},"end":{"line":43,"column":null}}]},"1":{"loc":{"start":{"line":22,"column":16},"end":{"line":22,"column":68}},"type":"binary-expr","locations":[{"start":{"line":22,"column":16},"end":{"line":22,"column":40}},{"start":{"line":22,"column":44},"end":{"line":22,"column":68}}]},"2":{"loc":{"start":{"line":37,"column":14},"end":{"line":37,"column":101}},"type":"if","locations":[{"start":{"line":37,"column":14},"end":{"line":37,"column":101}}]},"3":{"loc":{"start":{"line":54,"column":12},"end":{"line":66,"column":null}},"type":"if","locations":[{"start":{"line":54,"column":12},"end":{"line":66,"column":null}},{"start":{"line":64,"column":19},"end":{"line":66,"column":null}}]},"4":{"loc":{"start":{"line":54,"column":16},"end":{"line":54,"column":66}},"type":"binary-expr","locations":[{"start":{"line":54,"column":16},"end":{"line":54,"column":39}},{"start":{"line":54,"column":43},"end":{"line":54,"column":66}}]},"5":{"loc":{"start":{"line":59,"column":12},"end":{"line":59,"column":null}},"type":"if","locations":[{"start":{"line":59,"column":12},"end":{"line":59,"column":null}}]}},"s":{"0":1,"1":1,"2":1,"3":1,"4":1,"5":1,"6":1,"7":1,"8":3,"9":3,"10":3,"11":3,"12":2,"13":2,"14":2,"15":2,"16":1,"17":1,"18":1,"19":1,"20":2,"21":1,"22":3,"23":3,"24":3,"25":3,"26":2,"27":2,"28":2,"29":1,"30":1,"31":1,"32":1,"33":2,"34":1},"f":{"0":1,"1":3,"2":3},"b":{"0":[2,1],"1":[3,2],"2":[1],"3":[2,1],"4":[3,2],"5":[1]}}
,"/Users/macbookair2017/Documents/mainstack-backend-test/src/controllers/products.controller.ts": {"path":"/Users/macbookair2017/Documents/mainstack-backend-test/src/controllers/products.controller.ts","statementMap":{"0":{"start":{"line":3,"column":0},"end":{"line":3,"column":60}},"1":{"start":{"line":5,"column":0},"end":{"line":5,"column":59}},"2":{"start":{"line":6,"column":0},"end":{"line":6,"column":47}},"3":{"start":{"line":9,"column":11},"end":{"line":9,"column":57}},"4":{"start":{"line":12,"column":11},"end":{"line":34,"column":null}},"5":{"start":{"line":13,"column":8},"end":{"line":33,"column":null}},"6":{"start":{"line":14,"column":77},"end":{"line":14,"column":85}},"7":{"start":{"line":15,"column":28},"end":{"line":15,"column":36}},"8":{"start":{"line":17,"column":25},"end":{"line":23,"column":null}},"9":{"start":{"line":25,"column":35},"end":{"line":25,"column":73}},"10":{"start":{"line":27,"column":12},"end":{"line":27,"column":null}},"11":{"start":{"line":27,"column":42},"end":{"line":27,"column":124}},"12":{"start":{"line":29,"column":12},"end":{"line":29,"column":84}},"13":{"start":{"line":32,"column":12},"end":{"line":32,"column":24}},"14":{"start":{"line":36,"column":11},"end":{"line":49,"column":null}},"15":{"start":{"line":37,"column":8},"end":{"line":48,"column":null}},"16":{"start":{"line":38,"column":35},"end":{"line":38,"column":45}},"17":{"start":{"line":39,"column":28},"end":{"line":39,"column":36}},"18":{"start":{"line":41,"column":28},"end":{"line":41,"column":92}},"19":{"start":{"line":42,"column":12},"end":{"line":42,"column":null}},"20":{"start":{"line":42,"column":33},"end":{"line":42,"column":null}},"21":{"start":{"line":44,"column":12},"end":{"line":44,"column":79}},"22":{"start":{"line":47,"column":12},"end":{"line":47,"column":24}},"23":{"start":{"line":51,"column":11},"end":{"line":69,"column":null}},"24":{"start":{"line":52,"column":8},"end":{"line":68,"column":null}},"25":{"start":{"line":53,"column":35},"end":{"line":53,"column":62}},"26":{"start":{"line":54,"column":36},"end":{"line":54,"column":64}},"27":{"start":{"line":56,"column":40},"end":{"line":56,"column":98}},"28":{"start":{"line":57,"column":41},"end":{"line":57,"column":101}},"29":{"start":{"line":59,"column":28},"end":{"line":59,"column":36}},"30":{"start":{"line":61,"column":29},"end":{"line":61,"column":92}},"31":{"start":{"line":62,"column":12},"end":{"line":62,"column":null}},"32":{"start":{"line":62,"column":34},"end":{"line":62,"column":null}},"33":{"start":{"line":64,"column":12},"end":{"line":64,"column":80}},"34":{"start":{"line":67,"column":12},"end":{"line":67,"column":24}},"35":{"start":{"line":71,"column":11},"end":{"line":85,"column":null}},"36":{"start":{"line":72,"column":8},"end":{"line":84,"column":null}},"37":{"start":{"line":73,"column":35},"end":{"line":73,"column":45}},"38":{"start":{"line":74,"column":28},"end":{"line":74,"column":36}},"39":{"start":{"line":76,"column":35},"end":{"line":76,"column":101}},"40":{"start":{"line":78,"column":12},"end":{"line":78,"column":null}},"41":{"start":{"line":78,"column":42},"end":{"line":78,"column":93}},"42":{"start":{"line":80,"column":12},"end":{"line":80,"column":76}},"43":{"start":{"line":83,"column":12},"end":{"line":83,"column":24}},"44":{"start":{"line":87,"column":11},"end":{"line":102,"column":null}},"45":{"start":{"line":88,"column":8},"end":{"line":101,"column":null}},"46":{"start":{"line":89,"column":35},"end":{"line":89,"column":45}},"47":{"start":{"line":90,"column":28},"end":{"line":90,"column":36}},"48":{"start":{"line":91,"column":43},"end":{"line":91,"column":51}},"49":{"start":{"line":93,"column":35},"end":{"line":93,"column":114}},"50":{"start":{"line":95,"column":12},"end":{"line":95,"column":null}},"51":{"start":{"line":95,"column":42},"end":{"line":95,"column":93}},"52":{"start":{"line":97,"column":12},"end":{"line":97,"column":76}},"53":{"start":{"line":100,"column":12},"end":{"line":100,"column":24}},"54":{"start":{"line":106,"column":0},"end":{"line":106,"column":34}}},"fnMap":{"0":{"name":"(anonymous_0)","decl":{"start":{"line":8,"column":0},"end":{"line":8,"column":6}},"loc":{"start":{"line":8,"column":0},"end":{"line":104,"column":1}}},"1":{"name":"(anonymous_1)","decl":{"start":{"line":12,"column":27},"end":{"line":12,"column":32}},"loc":{"start":{"line":12,"column":108},"end":{"line":34,"column":5}}},"2":{"name":"(anonymous_2)","decl":{"start":{"line":36,"column":25},"end":{"line":36,"column":30}},"loc":{"start":{"line":36,"column":106},"end":{"line":49,"column":5}}},"3":{"name":"(anonymous_3)","decl":{"start":{"line":51,"column":29},"end":{"line":51,"column":34}},"loc":{"start":{"line":51,"column":110},"end":{"line":69,"column":5}}},"4":{"name":"(anonymous_4)","decl":{"start":{"line":71,"column":27},"end":{"line":71,"column":32}},"loc":{"start":{"line":71,"column":108},"end":{"line":85,"column":5}}},"5":{"name":"(anonymous_5)","decl":{"start":{"line":87,"column":25},"end":{"line":87,"column":30}},"loc":{"start":{"line":87,"column":106},"end":{"line":102,"column":5}}}},"branchMap":{"0":{"loc":{"start":{"line":27,"column":12},"end":{"line":27,"column":null}},"type":"if","locations":[{"start":{"line":27,"column":12},"end":{"line":27,"column":null}}]},"1":{"loc":{"start":{"line":42,"column":12},"end":{"line":42,"column":null}},"type":"if","locations":[{"start":{"line":42,"column":12},"end":{"line":42,"column":null}}]},"2":{"loc":{"start":{"line":53,"column":35},"end":{"line":53,"column":62}},"type":"binary-expr","locations":[{"start":{"line":53,"column":35},"end":{"line":53,"column":44}},{"start":{"line":53,"column":48},"end":{"line":53,"column":62}}]},"3":{"loc":{"start":{"line":54,"column":36},"end":{"line":54,"column":64}},"type":"binary-expr","locations":[{"start":{"line":54,"column":36},"end":{"line":54,"column":45}},{"start":{"line":54,"column":49},"end":{"line":54,"column":64}}]},"4":{"loc":{"start":{"line":56,"column":40},"end":{"line":56,"column":98}},"type":"cond-expr","locations":[{"start":{"line":56,"column":57},"end":{"line":56,"column":91}},{"start":{"line":56,"column":94},"end":{"line":56,"column":98}}]},"5":{"loc":{"start":{"line":57,"column":41},"end":{"line":57,"column":101}},"type":"cond-expr","locations":[{"start":{"line":57,"column":59},"end":{"line":57,"column":94}},{"start":{"line":57,"column":97},"end":{"line":57,"column":101}}]},"6":{"loc":{"start":{"line":62,"column":12},"end":{"line":62,"column":null}},"type":"if","locations":[{"start":{"line":62,"column":12},"end":{"line":62,"column":null}}]},"7":{"loc":{"start":{"line":78,"column":12},"end":{"line":78,"column":null}},"type":"if","locations":[{"start":{"line":78,"column":12},"end":{"line":78,"column":null}}]},"8":{"loc":{"start":{"line":95,"column":12},"end":{"line":95,"column":null}},"type":"if","locations":[{"start":{"line":95,"column":12},"end":{"line":95,"column":null}}]}},"s":{"0":1,"1":1,"2":1,"3":1,"4":1,"5":2,"6":2,"7":2,"8":2,"9":2,"10":2,"11":1,"12":1,"13":1,"14":1,"15":2,"16":2,"17":2,"18":2,"19":2,"20":1,"21":1,"22":1,"23":1,"24":2,"25":2,"26":2,"27":2,"28":2,"29":2,"30":2,"31":2,"32":1,"33":1,"34":1,"35":1,"36":2,"37":2,"38":2,"39":2,"40":2,"41":1,"42":1,"43":1,"44":1,"45":2,"46":2,"47":2,"48":2,"49":2,"50":2,"51":1,"52":1,"53":1,"54":1},"f":{"0":1,"1":2,"2":2,"3":2,"4":2,"5":2},"b":{"0":[1],"1":[1],"2":[2,0],"3":[2,0],"4":[0,2],"5":[0,2],"6":[1],"7":[1],"8":[1]}}
,"/Users/macbookair2017/Documents/mainstack-backend-test/src/exceptions/HttpException.ts": {"path":"/Users/macbookair2017/Documents/mainstack-backend-test/src/exceptions/HttpException.ts","statementMap":{"0":{"start":{"line":6,"column":6},"end":{"line":6,"column":21}},"1":{"start":{"line":7,"column":6},"end":{"line":7,"column":27}},"2":{"start":{"line":8,"column":6},"end":{"line":8,"column":29}},"3":{"start":{"line":1,"column":0},"end":{"line":1,"column":13}}},"fnMap":{"0":{"name":"(anonymous_0)","decl":{"start":{"line":5,"column":4},"end":{"line":5,"column":16}},"loc":{"start":{"line":5,"column":47},"end":{"line":9,"column":5}}}},"branchMap":{},"s":{"0":18,"1":18,"2":18,"3":2},"f":{"0":18},"b":{}}
,"/Users/macbookair2017/Documents/mainstack-backend-test/src/models/products.model.ts": {"path":"/Users/macbookair2017/Documents/mainstack-backend-test/src/models/products.model.ts","statementMap":{"0":{"start":{"line":1,"column":0},"end":{"line":1,"column":44}},"1":{"start":{"line":3,"column":30},"end":{"line":25,"column":null}},"2":{"start":{"line":28,"column":16},"end":{"line":28,"column":56}},"3":{"start":{"line":30,"column":0},"end":{"line":30,"column":23}}},"fnMap":{},"branchMap":{},"s":{"0":1,"1":1,"2":1,"3":1},"f":{},"b":{}}
,"/Users/macbookair2017/Documents/mainstack-backend-test/src/models/users.models.ts": {"path":"/Users/macbookair2017/Documents/mainstack-backend-test/src/models/users.models.ts","statementMap":{"0":{"start":{"line":1,"column":0},"end":{"line":1,"column":32}},"1":{"start":{"line":3,"column":19},"end":{"line":47,"column":null}},"2":{"start":{"line":50,"column":13},"end":{"line":50,"column":47}},"3":{"start":{"line":52,"column":0},"end":{"line":52,"column":20}}},"fnMap":{},"branchMap":{},"s":{"0":1,"1":1,"2":1,"3":1},"f":{},"b":{}}
,"/Users/macbookair2017/Documents/mainstack-backend-test/src/services/auth.service.ts": {"path":"/Users/macbookair2017/Documents/mainstack-backend-test/src/services/auth.service.ts","statementMap":{"0":{"start":{"line":1,"column":0},"end":{"line":1,"column":44}},"1":{"start":{"line":2,"column":0},"end":{"line":2,"column":60}},"2":{"start":{"line":4,"column":0},"end":{"line":4,"column":38}},"3":{"start":{"line":5,"column":0},"end":{"line":5,"column":49}},"4":{"start":{"line":6,"column":0},"end":{"line":6,"column":39}},"5":{"start":{"line":7,"column":0},"end":{"line":7,"column":41}},"6":{"start":{"line":11,"column":11},"end":{"line":11,"column":51}},"7":{"start":{"line":14,"column":51},"end":{"line":14,"column":66}},"8":{"start":{"line":15,"column":30},"end":{"line":15,"column":50}},"9":{"start":{"line":16,"column":32},"end":{"line":16,"column":46}},"10":{"start":{"line":17,"column":30},"end":{"line":17,"column":62}},"11":{"start":{"line":18,"column":6},"end":{"line":18,"column":107}},"12":{"start":{"line":22,"column":8},"end":{"line":34,"column":null}},"13":{"start":{"line":23,"column":10},"end":{"line":31,"column":null}},"14":{"start":{"line":24,"column":42},"end":{"line":24,"column":72}},"15":{"start":{"line":25,"column":27},"end":{"line":25,"column":50}},"16":{"start":{"line":26,"column":37},"end":{"line":26,"column":81}},"17":{"start":{"line":28,"column":12},"end":{"line":28,"column":43}},"18":{"start":{"line":30,"column":12},"end":{"line":30,"column":73}},"19":{"start":{"line":33,"column":10},"end":{"line":33,"column":63}},"20":{"start":{"line":38,"column":29},"end":{"line":38,"column":48}},"21":{"start":{"line":39,"column":8},"end":{"line":39,"column":37}},"22":{"start":{"line":43,"column":8},"end":{"line":43,"column":44}},"23":{"start":{"line":47,"column":4},"end":{"line":47,"column":31}}},"fnMap":{"0":{"name":"(anonymous_0)","decl":{"start":{"line":10,"column":0},"end":{"line":10,"column":6}},"loc":{"start":{"line":10,"column":0},"end":{"line":45,"column":5}}},"1":{"name":"(anonymous_1)","decl":{"start":{"line":13,"column":11},"end":{"line":13,"column":22}},"loc":{"start":{"line":13,"column":52},"end":{"line":19,"column":5}}},"2":{"name":"(anonymous_2)","decl":{"start":{"line":21,"column":11},"end":{"line":21,"column":16}},"loc":{"start":{"line":21,"column":45},"end":{"line":35,"column":7}}},"3":{"name":"(anonymous_3)","decl":{"start":{"line":37,"column":13},"end":{"line":37,"column":18}},"loc":{"start":{"line":37,"column":47},"end":{"line":40,"column":7}}},"4":{"name":"(anonymous_4)","decl":{"start":{"line":42,"column":13},"end":{"line":42,"column":18}},"loc":{"start":{"line":42,"column":63},"end":{"line":44,"column":7}}}},"branchMap":{"0":{"loc":{"start":{"line":23,"column":10},"end":{"line":31,"column":null}},"type":"if","locations":[{"start":{"line":23,"column":10},"end":{"line":31,"column":null}},{"start":{"line":29,"column":17},"end":{"line":31,"column":null}}]}},"s":{"0":1,"1":1,"2":1,"3":1,"4":1,"5":1,"6":1,"7":0,"8":0,"9":0,"10":0,"11":0,"12":0,"13":0,"14":0,"15":0,"16":0,"17":0,"18":0,"19":0,"20":0,"21":0,"22":0,"23":1},"f":{"0":1,"1":0,"2":0,"3":0,"4":0},"b":{"0":[0,0]}}
,"/Users/macbookair2017/Documents/mainstack-backend-test/src/services/database.service.ts": {"path":"/Users/macbookair2017/Documents/mainstack-backend-test/src/services/database.service.ts","statementMap":{"0":{"start":{"line":5,"column":4},"end":{"line":5,"column":23}},"1":{"start":{"line":9,"column":4},"end":{"line":14,"column":null}},"2":{"start":{"line":10,"column":21},"end":{"line":10,"column":53}},"3":{"start":{"line":11,"column":6},"end":{"line":11,"column":38}},"4":{"start":{"line":13,"column":6},"end":{"line":13,"column":38}},"5":{"start":{"line":18,"column":4},"end":{"line":27,"column":null}},"6":{"start":{"line":19,"column":21},"end":{"line":19,"column":52}},"7":{"start":{"line":20,"column":6},"end":{"line":24,"column":null}},"8":{"start":{"line":21,"column":8},"end":{"line":21,"column":40}},"9":{"start":{"line":22,"column":13},"end":{"line":24,"column":null}},"10":{"start":{"line":23,"column":8},"end":{"line":23,"column":41}},"11":{"start":{"line":26,"column":6},"end":{"line":26,"column":38}},"12":{"start":{"line":31,"column":4},"end":{"line":40,"column":null}},"13":{"start":{"line":32,"column":21},"end":{"line":32,"column":79}},"14":{"start":{"line":33,"column":6},"end":{"line":37,"column":null}},"15":{"start":{"line":34,"column":8},"end":{"line":34,"column":40}},"16":{"start":{"line":35,"column":13},"end":{"line":37,"column":null}},"17":{"start":{"line":36,"column":8},"end":{"line":36,"column":41}},"18":{"start":{"line":39,"column":6},"end":{"line":39,"column":38}},"19":{"start":{"line":44,"column":4},"end":{"line":49,"column":null}},"20":{"start":{"line":45,"column":6},"end":{"line":45,"column":49}},"21":{"start":{"line":46,"column":6},"end":{"line":46,"column":30}},"22":{"start":{"line":48,"column":6},"end":{"line":48,"column":38}},"23":{"start":{"line":53,"column":4},"end":{"line":63,"column":null}},"24":{"start":{"line":54,"column":23},"end":{"line":54,"column":56}},"25":{"start":{"line":55,"column":8},"end":{"line":60,"column":null}},"26":{"start":{"line":56,"column":12},"end":{"line":56,"column":36}},"27":{"start":{"line":59,"column":12},"end":{"line":59,"column":66}},"28":{"start":{"line":62,"column":8},"end":{"line":62,"column":40}},"29":{"start":{"line":68,"column":0},"end":{"line":68,"column":31}}},"fnMap":{"0":{"name":"(anonymous_0)","decl":{"start":{"line":4,"column":2},"end":{"line":4,"column":14}},"loc":{"start":{"line":4,"column":24},"end":{"line":6,"column":3}}},"1":{"name":"(anonymous_1)","decl":{"start":{"line":8,"column":9},"end":{"line":8,"column":14}},"loc":{"start":{"line":8,"column":29},"end":{"line":15,"column":3}}},"2":{"name":"(anonymous_2)","decl":{"start":{"line":17,"column":9},"end":{"line":17,"column":14}},"loc":{"start":{"line":17,"column":25},"end":{"line":28,"column":3}}},"3":{"name":"(anonymous_3)","decl":{"start":{"line":30,"column":9},"end":{"line":30,"column":14}},"loc":{"start":{"line":30,"column":62},"end":{"line":41,"column":3}}},"4":{"name":"(anonymous_4)","decl":{"start":{"line":43,"column":9},"end":{"line":43,"column":14}},"loc":{"start":{"line":43,"column":36},"end":{"line":50,"column":3}}},"5":{"name":"(anonymous_5)","decl":{"start":{"line":52,"column":9},"end":{"line":52,"column":14}},"loc":{"start":{"line":52,"column":27},"end":{"line":64,"column":1}}}},"branchMap":{"0":{"loc":{"start":{"line":20,"column":6},"end":{"line":24,"column":null}},"type":"if","locations":[{"start":{"line":20,"column":6},"end":{"line":24,"column":null}},{"start":{"line":22,"column":13},"end":{"line":24,"column":null}}]},"1":{"loc":{"start":{"line":22,"column":13},"end":{"line":24,"column":null}},"type":"if","locations":[{"start":{"line":22,"column":13},"end":{"line":24,"column":null}}]},"2":{"loc":{"start":{"line":30,"column":23},"end":{"line":30,"column":35}},"type":"default-arg","locations":[{"start":{"line":30,"column":31},"end":{"line":30,"column":35}}]},"3":{"loc":{"start":{"line":30,"column":37},"end":{"line":30,"column":48}},"type":"default-arg","locations":[{"start":{"line":30,"column":44},"end":{"line":30,"column":48}}]},"4":{"loc":{"start":{"line":30,"column":50},"end":{"line":30,"column":62}},"type":"default-arg","locations":[{"start":{"line":30,"column":58},"end":{"line":30,"column":62}}]},"5":{"loc":{"start":{"line":33,"column":6},"end":{"line":37,"column":null}},"type":"if","locations":[{"start":{"line":33,"column":6},"end":{"line":37,"column":null}},{"start":{"line":35,"column":13},"end":{"line":37,"column":null}}]},"6":{"loc":{"start":{"line":35,"column":13},"end":{"line":37,"column":null}},"type":"if","locations":[{"start":{"line":35,"column":13},"end":{"line":37,"column":null}}]},"7":{"loc":{"start":{"line":55,"column":8},"end":{"line":60,"column":null}},"type":"if","locations":[{"start":{"line":55,"column":8},"end":{"line":60,"column":null}},{"start":{"line":57,"column":15},"end":{"line":60,"column":null}}]}},"s":{"0":0,"1":0,"2":0,"3":0,"4":0,"5":0,"6":0,"7":0,"8":0,"9":0,"10":0,"11":0,"12":0,"13":0,"14":0,"15":0,"16":0,"17":0,"18":0,"19":0,"20":0,"21":0,"22":0,"23":0,"24":0,"25":0,"26":0,"27":0,"28":0,"29":2},"f":{"0":0,"1":0,"2":0,"3":0,"4":0,"5":0},"b":{"0":[0,0],"1":[0],"2":[0],"3":[0],"4":[0],"5":[0,0],"6":[0],"7":[0,0]}}
}
